TN:
SF:src\lib\hash.js
FN:1,hashIngredients
FNF:1
FNH:1
FNDA:12,hashIngredients
DA:1,1
DA:2,12
DA:3,12
DA:4,12
DA:5,12
DA:6,12
DA:7,12
DA:8,12
LF:8
LH:8
BRDA:1,0,0,12
BRDA:7,1,0,384
BRF:2
BRH:2
end_of_record
TN:
SF:src\utils\analyzeImage.js
FN:6,fileToBase64
FN:9,reader.onload
FN:18,reader.onerror
FN:26,isValidAnalysis
FN:44,analyzeIngredients
FNF:5
FNH:4
FNDA:6,fileToBase64
FNDA:6,reader.onload
FNDA:0,reader.onerror
FNDA:4,isValidAnalysis
FNDA:6,analyzeIngredients
DA:1,1
DA:4,1
DA:5,1
DA:6,6
DA:7,6
DA:8,6
DA:9,6
DA:10,6
DA:11,6
DA:12,6
DA:13,0
DA:14,0
DA:15,0
DA:16,6
DA:17,6
DA:18,6
DA:19,6
DA:20,6
DA:21,6
DA:23,1
DA:24,1
DA:25,1
DA:26,4
DA:27,4
DA:28,4
DA:29,4
DA:30,4
DA:31,3
DA:32,3
DA:33,3
DA:34,3
DA:35,3
DA:36,3
DA:37,3
DA:38,3
DA:40,1
DA:41,1
DA:42,1
DA:44,1
DA:45,6
DA:46,6
DA:48,6
DA:49,6
DA:50,6
DA:51,6
DA:52,6
DA:53,0
DA:54,0
DA:55,0
DA:57,6
DA:58,6
DA:59,6
DA:60,6
DA:61,6
DA:62,6
DA:64,6
DA:65,0
DA:66,0
DA:67,0
DA:68,6
DA:69,2
DA:70,2
DA:71,2
DA:72,1
DA:73,1
DA:74,1
DA:75,2
DA:76,2
DA:77,2
DA:78,2
DA:79,2
DA:80,2
DA:81,2
DA:82,2
DA:83,2
DA:84,2
DA:85,2
DA:86,2
DA:87,0
DA:88,0
DA:89,6
DA:91,4
DA:92,4
DA:94,4
DA:95,4
DA:96,6
DA:97,6
DA:99,6
DA:100,6
DA:101,6
DA:102,6
DA:103,6
DA:104,6
DA:105,6
DA:106,6
DA:107,6
DA:108,6
DA:109,6
DA:110,6
DA:112,6
DA:113,1
DA:114,1
DA:115,1
DA:116,0
DA:117,0
DA:118,0
DA:119,0
DA:120,1
DA:121,1
DA:123,3
DA:124,6
DA:125,1
DA:126,1
DA:128,2
DA:129,6
DA:130,0
DA:131,0
DA:132,0
DA:134,6
DA:135,1
DA:136,1
DA:137,1
DA:138,1
DA:140,1
DA:141,1
DA:143,1
DA:144,1
LF:127
LH:109
BRDA:6,0,0,6
BRDA:7,1,0,6
BRDA:9,2,0,6
BRDA:11,3,0,0
BRDA:12,4,0,0
BRDA:26,5,0,4
BRDA:27,6,0,0
BRDA:28,7,0,3
BRDA:28,8,0,1
BRDA:28,9,0,3
BRDA:29,10,0,0
BRDA:29,11,0,3
BRDA:30,12,0,0
BRDA:30,13,0,3
BRDA:32,14,0,0
BRDA:33,15,0,0
BRDA:34,16,0,2
BRDA:34,17,0,0
BRDA:34,18,0,0
BRDA:34,19,0,0
BRDA:35,20,0,0
BRDA:44,21,0,6
BRDA:46,22,0,0
BRDA:52,23,0,0
BRDA:64,24,0,0
BRDA:64,25,0,0
BRDA:68,26,0,2
BRDA:68,27,0,2
BRDA:71,28,0,1
BRDA:71,29,0,1
BRDA:80,30,0,0
BRDA:86,31,0,0
BRDA:89,32,0,4
BRDA:96,33,0,4
BRDA:97,34,0,0
BRDA:110,35,0,4
BRDA:112,36,0,1
BRDA:115,37,0,0
BRDA:115,38,0,0
BRDA:120,39,0,0
BRDA:121,40,0,3
BRDA:124,41,0,1
BRDA:126,42,0,2
BRDA:129,43,0,0
BRDA:129,44,0,0
BRDA:132,45,0,2
BRDA:134,46,0,1
BRDA:82,47,0,2
BRDA:83,48,0,0
BRF:49
BRH:25
end_of_record
TN:
SF:supabase\functions\_shared\alerts.ts
FN:38,bumpMetric
FN:59,claimAlert
FN:70,detectThresholdCrossing
FN:82,detectSpike
FN:98,sendAlertEmail
FN:131,fireAlert
FNF:6
FNH:6
FNDA:4,bumpMetric
FNDA:7,claimAlert
FNDA:7,detectThresholdCrossing
FNDA:5,detectSpike
FNDA:4,sendAlertEmail
FNDA:4,fireAlert
DA:13,1
DA:15,1
DA:16,1
DA:17,1
DA:18,1
DA:19,1
DA:21,1
DA:22,1
DA:23,1
DA:24,1
DA:25,1
DA:38,4
DA:39,4
DA:40,4
DA:41,4
DA:42,4
DA:43,4
DA:44,4
DA:45,4
DA:46,4
DA:47,4
DA:48,1
DA:49,1
DA:50,1
DA:52,4
DA:53,4
DA:54,2
DA:55,2
DA:59,7
DA:60,7
DA:61,7
DA:62,1
DA:63,1
DA:64,1
DA:65,5
DA:66,5
DA:70,1
DA:71,7
DA:72,7
DA:73,7
DA:74,7
DA:75,14
DA:76,14
DA:77,14
DA:78,2
DA:79,2
DA:82,1
DA:83,5
DA:84,5
DA:85,5
DA:86,5
DA:87,5
DA:98,4
DA:99,4
DA:100,4
DA:101,4
DA:102,4
DA:103,4
DA:104,4
DA:105,4
DA:106,4
DA:107,4
DA:108,4
DA:109,4
DA:110,4
DA:111,4
DA:112,4
DA:113,4
DA:114,4
DA:115,4
DA:116,4
DA:117,4
DA:118,4
DA:119,1
DA:120,1
DA:121,1
DA:122,2
DA:123,4
DA:124,1
DA:125,1
DA:126,4
DA:131,4
DA:132,4
DA:133,4
DA:134,4
DA:135,4
DA:136,4
DA:137,4
DA:138,4
DA:139,3
DA:141,4
DA:142,1
DA:143,1
DA:144,1
DA:146,1
DA:147,4
DA:148,0
DA:149,0
DA:150,4
DA:151,1
DA:152,1
DA:153,4
LF:102
LH:100
BRDA:38,0,0,4
BRDA:47,1,0,1
BRDA:50,2,0,3
BRDA:52,3,0,0
BRDA:53,4,0,1
BRDA:53,5,0,2
BRDA:59,6,0,7
BRDA:60,7,0,6
BRDA:61,8,0,1
BRDA:64,9,0,5
BRDA:70,10,0,7
BRDA:74,11,0,14
BRDA:76,12,0,10
BRDA:76,13,0,5
BRDA:77,14,0,2
BRDA:82,15,0,5
BRDA:86,16,0,4
BRDA:98,17,0,4
BRDA:103,18,0,0
BRDA:117,19,0,3
BRDA:118,20,0,1
BRDA:121,21,0,2
BRDA:123,22,0,1
BRDA:131,23,0,4
BRDA:138,24,0,3
BRDA:139,25,0,1
BRDA:139,26,0,2
BRDA:141,27,0,1
BRDA:141,28,0,1
BRDA:141,29,0,1
BRDA:147,30,0,0
BRDA:150,31,0,1
BRF:32
BRH:29
end_of_record
TN:
SF:supabase\functions\_shared\validation.ts
FN:22,buildCorsHeaders
FN:42,extractClientIp
FN:57,validateImagePayload
FN:85,parseClaudeText
FN:88,tryParse
FN:128,validateAnalysisShape
FNF:6
FNH:6
FNDA:5,buildCorsHeaders
FNDA:4,extractClientIp
FNDA:8,validateImagePayload
FNDA:7,parseClaudeText
FNDA:8,tryParse
FNDA:12,validateAnalysisShape
DA:5,1
DA:6,1
DA:7,1
DA:8,1
DA:9,1
DA:10,1
DA:11,1
DA:13,1
DA:15,1
DA:16,1
DA:22,1
DA:25,5
DA:26,5
DA:27,5
DA:28,5
DA:29,5
DA:30,5
DA:31,5
DA:32,5
DA:33,5
DA:34,5
DA:35,5
DA:36,5
DA:37,5
DA:42,1
DA:44,4
DA:45,4
DA:46,4
DA:47,3
DA:48,2
DA:49,1
DA:51,4
DA:57,1
DA:58,8
DA:59,1
DA:60,1
DA:61,7
DA:63,7
DA:64,8
DA:65,2
DA:66,2
DA:67,8
DA:68,2
DA:69,2
DA:71,3
DA:72,8
DA:73,1
DA:74,1
DA:76,8
DA:77,1
DA:78,1
DA:79,1
DA:80,1
DA:85,1
DA:86,7
DA:88,4
DA:89,8
DA:90,8
DA:93,4
DA:94,7
DA:97,3
DA:98,3
DA:99,7
DA:102,2
DA:103,7
DA:104,1
DA:105,1
DA:106,1
DA:108,1
DA:109,1
DA:128,1
DA:129,12
DA:130,3
DA:131,3
DA:132,9
DA:135,12
DA:136,1
DA:137,1
DA:138,1
DA:142,12
DA:143,1
DA:144,1
DA:146,12
DA:147,4
DA:148,4
DA:149,12
DA:150,0
DA:151,0
DA:152,4
DA:153,4
DA:154,0
DA:155,0
DA:156,4
DA:157,4
DA:158,1
DA:159,1
DA:160,4
DA:161,1
DA:162,1
DA:163,4
DA:164,0
DA:165,0
DA:166,4
DA:167,12
DA:168,0
DA:169,0
DA:170,12
DA:171,0
DA:172,0
DA:174,12
DA:175,0
DA:176,0
DA:177,0
DA:178,0
DA:179,0
DA:180,0
DA:181,0
DA:182,0
DA:183,0
DA:185,2
DA:186,2
DA:187,2
DA:188,2
DA:189,2
LF:124
LH:105
BRDA:22,0,0,5
BRDA:26,1,0,4
BRDA:30,2,0,2
BRDA:30,3,0,3
BRDA:42,4,0,4
BRDA:46,5,0,3
BRDA:47,6,0,2
BRDA:48,7,0,1
BRDA:48,8,0,1
BRDA:57,9,0,8
BRDA:58,10,0,1
BRDA:60,11,0,7
BRDA:64,12,0,2
BRDA:66,13,0,5
BRDA:67,14,0,4
BRDA:67,15,0,2
BRDA:69,16,0,3
BRDA:72,17,0,1
BRDA:74,18,0,2
BRDA:76,19,0,1
BRDA:85,20,0,7
BRDA:86,21,0,3
BRDA:86,22,0,4
BRDA:94,23,0,1
BRDA:94,24,0,3
BRDA:99,25,0,1
BRDA:99,26,0,2
BRDA:103,27,0,1
BRDA:88,28,0,8
BRDA:89,29,0,5
BRDA:128,30,0,12
BRDA:129,31,0,10
BRDA:129,32,0,3
BRDA:131,33,0,9
BRDA:135,34,0,1
BRDA:135,35,0,1
BRDA:138,36,0,9
BRDA:142,37,0,1
BRDA:142,38,0,1
BRDA:144,39,0,8
BRDA:146,40,0,7
BRDA:146,41,0,5
BRDA:146,42,0,4
BRDA:149,43,0,0
BRDA:151,44,0,4
BRDA:153,45,0,0
BRDA:157,46,0,1
BRDA:159,47,0,3
BRDA:160,48,0,1
BRDA:160,49,0,1
BRDA:160,50,0,1
BRDA:160,51,0,1
BRDA:162,52,0,2
BRDA:163,53,0,0
BRDA:166,54,0,2
BRDA:167,55,0,1
BRDA:167,56,0,0
BRDA:169,57,0,2
BRDA:170,58,0,1
BRDA:170,59,0,0
BRDA:170,60,0,0
BRDA:172,61,0,2
BRDA:174,62,0,0
BRDA:174,63,0,0
BRDA:183,64,0,2
BRDA:186,65,0,2
BRF:66
BRH:58
end_of_record
